<?xml version="1.0" encoding="UTF-8"?>
<testsuite name="com.jueun.springboot.web.domain.posts.PostRepositoryTest" tests="2" skipped="0" failures="0" errors="0" timestamp="2022-01-20T12:23:48" hostname="DESKTOP-QANKN4O" time="0.213">
  <properties/>
  <testcase name="게시글저장_불러오기()" classname="com.jueun.springboot.web.domain.posts.PostRepositoryTest" time="0.184"/>
  <testcase name="BaseTimeEntity_등록()" classname="com.jueun.springboot.web.domain.posts.PostRepositoryTest" time="0.028"/>
  <system-out><![CDATA[2022-01-20 21:23:46.596  INFO 28000 --- [    Test worker] .b.t.c.SpringBootTestContextBootstrapper : Neither @ContextConfiguration nor @ContextHierarchy found for test class [com.jueun.springboot.web.domain.posts.PostRepositoryTest], using SpringBootContextLoader
2022-01-20 21:23:46.597  INFO 28000 --- [    Test worker] o.s.t.c.support.AbstractContextLoader    : Could not detect default resource locations for test class [com.jueun.springboot.web.domain.posts.PostRepositoryTest]: no resource found for suffixes {-context.xml, Context.groovy}.
2022-01-20 21:23:46.597  INFO 28000 --- [    Test worker] t.c.s.AnnotationConfigContextLoaderUtils : Could not detect default configuration classes for test class [com.jueun.springboot.web.domain.posts.PostRepositoryTest]: PostRepositoryTest does not declare any static, non-private, non-final, nested classes annotated with @Configuration.
2022-01-20 21:23:46.619  INFO 28000 --- [    Test worker] .b.t.c.SpringBootTestContextBootstrapper : Found @SpringBootConfiguration com.jueun.springboot.Application for test class com.jueun.springboot.web.domain.posts.PostRepositoryTest
2022-01-20 21:23:46.624  INFO 28000 --- [    Test worker] .b.t.c.SpringBootTestContextBootstrapper : Loaded default TestExecutionListener class names from location [META-INF/spring.factories]: [org.springframework.security.test.context.support.WithSecurityContextTestExecutionListener, org.springframework.security.test.context.support.ReactorContextTestExecutionListener, org.springframework.boot.test.autoconfigure.restdocs.RestDocsTestExecutionListener, org.springframework.boot.test.autoconfigure.web.client.MockRestServiceServerResetTestExecutionListener, org.springframework.boot.test.autoconfigure.web.servlet.MockMvcPrintOnlyOnFailureTestExecutionListener, org.springframework.boot.test.autoconfigure.web.servlet.WebDriverTestExecutionListener, org.springframework.boot.test.autoconfigure.webservices.client.MockWebServiceServerTestExecutionListener, org.springframework.boot.test.mock.mockito.MockitoTestExecutionListener, org.springframework.boot.test.mock.mockito.ResetMocksTestExecutionListener, org.springframework.test.context.web.ServletTestExecutionListener, org.springframework.test.context.support.DirtiesContextBeforeModesTestExecutionListener, org.springframework.test.context.support.DependencyInjectionTestExecutionListener, org.springframework.test.context.support.DirtiesContextTestExecutionListener, org.springframework.test.context.transaction.TransactionalTestExecutionListener, org.springframework.test.context.jdbc.SqlScriptsTestExecutionListener, org.springframework.test.context.event.EventPublishingTestExecutionListener]
2022-01-20 21:23:46.627  INFO 28000 --- [    Test worker] .b.t.c.SpringBootTestContextBootstrapper : Using TestExecutionListeners: [org.springframework.test.context.web.ServletTestExecutionListener@310df537, org.springframework.test.context.support.DirtiesContextBeforeModesTestExecutionListener@34a78349, org.springframework.boot.test.mock.mockito.MockitoTestExecutionListener@1efd70e2, org.springframework.boot.test.autoconfigure.SpringBootDependencyInjectionTestExecutionListener@6746ede2, org.springframework.test.context.support.DirtiesContextTestExecutionListener@393c1870, org.springframework.test.context.transaction.TransactionalTestExecutionListener@318969d5, org.springframework.test.context.jdbc.SqlScriptsTestExecutionListener@44067566, org.springframework.security.test.context.support.WithSecurityContextTestExecutionListener@14ffb9f9, org.springframework.test.context.event.EventPublishingTestExecutionListener@4dd9dc8e, org.springframework.security.test.context.support.ReactorContextTestExecutionListener@3764c321, org.springframework.boot.test.autoconfigure.restdocs.RestDocsTestExecutionListener@403e3dee, org.springframework.boot.test.autoconfigure.web.client.MockRestServiceServerResetTestExecutionListener@29e77461, org.springframework.boot.test.autoconfigure.web.servlet.MockMvcPrintOnlyOnFailureTestExecutionListener@2ad9f07f, org.springframework.boot.test.autoconfigure.web.servlet.WebDriverTestExecutionListener@3b3553ce, org.springframework.boot.test.autoconfigure.webservices.client.MockWebServiceServerTestExecutionListener@a55c80b, org.springframework.boot.test.mock.mockito.ResetMocksTestExecutionListener@1883e15c]

  .   ____          _            __ _ _
 /\\ / ___'_ __ _ _(_)_ __  __ _ \ \ \ \
( ( )\___ | '_ | '_| | '_ \/ _` | \ \ \ \
 \\/  ___)| |_)| | | | | || (_| |  ) ) ) )
  '  |____| .__|_| |_|_| |_\__, | / / / /
 =========|_|==============|___/=/_/_/_/
 :: Spring Boot ::                (v2.4.1)

2022-01-20 21:23:46.673  INFO 28000 --- [    Test worker] c.j.s.w.domain.posts.PostRepositoryTest  : Starting PostRepositoryTest using Java 1.8.0_302 on DESKTOP-QANKN4O with PID 28000 (started by Jueun in C:\Users\Jueun\IdeaProjects\springboot2-webservice)
2022-01-20 21:23:46.674  INFO 28000 --- [    Test worker] c.j.s.w.domain.posts.PostRepositoryTest  : No active profile set, falling back to default profiles: default
2022-01-20 21:23:47.070  INFO 28000 --- [    Test worker] .s.d.r.c.RepositoryConfigurationDelegate : Bootstrapping Spring Data JPA repositories in DEFAULT mode.
2022-01-20 21:23:47.119  INFO 28000 --- [    Test worker] .s.d.r.c.RepositoryConfigurationDelegate : Finished Spring Data repository scanning in 48 ms. Found 2 JPA repository interfaces.
2022-01-20 21:23:47.367  INFO 28000 --- [    Test worker] com.zaxxer.hikari.HikariDataSource       : HikariPool-2 - Starting...
2022-01-20 21:23:47.368  INFO 28000 --- [    Test worker] com.zaxxer.hikari.HikariDataSource       : HikariPool-2 - Start completed.
2022-01-20 21:23:47.408  INFO 28000 --- [    Test worker] o.hibernate.jpa.internal.util.LogHelper  : HHH000204: Processing PersistenceUnitInfo [name: default]
2022-01-20 21:23:47.418  INFO 28000 --- [    Test worker] org.hibernate.dialect.Dialect            : HHH000400: Using dialect: org.hibernate.dialect.MySQL57Dialect
Hibernate: drop table if exists posts
Hibernate: drop table if exists user
Hibernate: create table posts (id bigint not null auto_increment, created_date datetime(6), modeified_date datetime(6), author varchar(255), content TEXT not null, title varchar(500) not null, primary key (id)) engine=InnoDB
Hibernate: create table user (id bigint not null auto_increment, created_date datetime(6), modeified_date datetime(6), email varchar(255) not null, name varchar(255) not null, picture varchar(255), role varchar(255) not null, primary key (id)) engine=InnoDB
2022-01-20 21:23:47.478  INFO 28000 --- [    Test worker] o.h.e.t.j.p.i.JtaPlatformInitiator       : HHH000490: Using JtaPlatform implementation: [org.hibernate.engine.transaction.jta.platform.internal.NoJtaPlatform]
2022-01-20 21:23:47.478  INFO 28000 --- [    Test worker] j.LocalContainerEntityManagerFactoryBean : Initialized JPA EntityManagerFactory for persistence unit 'default'
2022-01-20 21:23:47.688  WARN 28000 --- [    Test worker] JpaBaseConfiguration$JpaWebConfiguration : spring.jpa.open-in-view is enabled by default. Therefore, database queries may be performed during view rendering. Explicitly configure spring.jpa.open-in-view to disable this warning
2022-01-20 21:23:47.966  INFO 28000 --- [    Test worker] o.s.s.web.DefaultSecurityFilterChain     : Will secure any request with [org.springframework.security.web.context.request.async.WebAsyncManagerIntegrationFilter@684852db, org.springframework.security.web.context.SecurityContextPersistenceFilter@18f44023, org.springframework.security.web.header.HeaderWriterFilter@561649e9, org.springframework.security.web.authentication.logout.LogoutFilter@55c5627c, org.springframework.security.oauth2.client.web.OAuth2AuthorizationRequestRedirectFilter@52db03e4, org.springframework.security.oauth2.client.web.OAuth2LoginAuthenticationFilter@379d7cf8, org.springframework.security.web.authentication.ui.DefaultLoginPageGeneratingFilter@8fe667e, org.springframework.security.web.authentication.ui.DefaultLogoutPageGeneratingFilter@18eff453, org.springframework.security.web.savedrequest.RequestCacheAwareFilter@458c2811, org.springframework.security.web.servletapi.SecurityContextHolderAwareRequestFilter@7fc38ddb, org.springframework.security.web.authentication.AnonymousAuthenticationFilter@12a10089, org.springframework.security.web.session.SessionManagementFilter@4a9e3d30, org.springframework.security.web.access.ExceptionTranslationFilter@517a6e30, org.springframework.security.web.access.intercept.FilterSecurityInterceptor@50f4147d]
2022-01-20 21:23:48.260  INFO 28000 --- [    Test worker] o.s.s.concurrent.ThreadPoolTaskExecutor  : Initializing ExecutorService 'applicationTaskExecutor'
2022-01-20 21:23:48.285  INFO 28000 --- [    Test worker] o.s.b.a.h2.H2ConsoleAutoConfiguration    : H2 console available at '/h2-console'. Database available at 'jdbc:h2:mem:testdb'
2022-01-20 21:23:48.330  INFO 28000 --- [    Test worker] o.s.b.a.w.s.WelcomePageHandlerMapping    : Adding welcome page template: index
2022-01-20 21:23:48.837  INFO 28000 --- [    Test worker] s.a.ScheduledAnnotationBeanPostProcessor : No TaskScheduler/ScheduledExecutorService bean found for scheduled processing
2022-01-20 21:23:48.838  INFO 28000 --- [    Test worker] c.j.s.w.domain.posts.PostRepositoryTest  : Started PostRepositoryTest in 2.207 seconds (JVM running for 15.519)
Hibernate: insert into posts (created_date, modeified_date, author, content, title) values (?, ?, ?, ?, ?)
Hibernate: select posts0_.id as id1_0_, posts0_.created_date as created_2_0_, posts0_.modeified_date as modeifie3_0_, posts0_.author as author4_0_, posts0_.content as content5_0_, posts0_.title as title6_0_ from posts posts0_
Hibernate: select posts0_.id as id1_0_, posts0_.created_date as created_2_0_, posts0_.modeified_date as modeifie3_0_, posts0_.author as author4_0_, posts0_.content as content5_0_, posts0_.title as title6_0_ from posts posts0_
Hibernate: delete from posts where id=?
Hibernate: insert into posts (created_date, modeified_date, author, content, title) values (?, ?, ?, ?, ?)
Hibernate: select posts0_.id as id1_0_, posts0_.created_date as created_2_0_, posts0_.modeified_date as modeifie3_0_, posts0_.author as author4_0_, posts0_.content as content5_0_, posts0_.title as title6_0_ from posts posts0_
Hibernate: select posts0_.id as id1_0_, posts0_.created_date as created_2_0_, posts0_.modeified_date as modeifie3_0_, posts0_.author as author4_0_, posts0_.content as content5_0_, posts0_.title as title6_0_ from posts posts0_
Hibernate: delete from posts where id=?
]]></system-out>
  <system-err><![CDATA[]]></system-err>
</testsuite>
