<?xml version="1.0" encoding="UTF-8"?>
<testsuite name="com.jueun.springboot.web.PostsApiControllerTest" tests="2" skipped="0" failures="0" errors="0" timestamp="2022-01-20T12:23:49" hostname="DESKTOP-QANKN4O" time="0.333">
  <properties/>
  <testcase name="Posts_등록된다()" classname="com.jueun.springboot.web.PostsApiControllerTest" time="0.287"/>
  <testcase name="Posts_수정된다()" classname="com.jueun.springboot.web.PostsApiControllerTest" time="0.045"/>
  <system-out><![CDATA[2022-01-20 21:23:49.074  INFO 28000 --- [    Test worker] .b.t.c.SpringBootTestContextBootstrapper : Neither @ContextConfiguration nor @ContextHierarchy found for test class [com.jueun.springboot.web.PostsApiControllerTest], using SpringBootContextLoader
2022-01-20 21:23:49.075  INFO 28000 --- [    Test worker] o.s.t.c.support.AbstractContextLoader    : Could not detect default resource locations for test class [com.jueun.springboot.web.PostsApiControllerTest]: no resource found for suffixes {-context.xml, Context.groovy}.
2022-01-20 21:23:49.075  INFO 28000 --- [    Test worker] t.c.s.AnnotationConfigContextLoaderUtils : Could not detect default configuration classes for test class [com.jueun.springboot.web.PostsApiControllerTest]: PostsApiControllerTest does not declare any static, non-private, non-final, nested classes annotated with @Configuration.
2022-01-20 21:23:49.078  INFO 28000 --- [    Test worker] .b.t.c.SpringBootTestContextBootstrapper : Found @SpringBootConfiguration com.jueun.springboot.Application for test class com.jueun.springboot.web.PostsApiControllerTest
2022-01-20 21:23:49.079  INFO 28000 --- [    Test worker] .b.t.c.SpringBootTestContextBootstrapper : Loaded default TestExecutionListener class names from location [META-INF/spring.factories]: [org.springframework.security.test.context.support.WithSecurityContextTestExecutionListener, org.springframework.security.test.context.support.ReactorContextTestExecutionListener, org.springframework.boot.test.autoconfigure.restdocs.RestDocsTestExecutionListener, org.springframework.boot.test.autoconfigure.web.client.MockRestServiceServerResetTestExecutionListener, org.springframework.boot.test.autoconfigure.web.servlet.MockMvcPrintOnlyOnFailureTestExecutionListener, org.springframework.boot.test.autoconfigure.web.servlet.WebDriverTestExecutionListener, org.springframework.boot.test.autoconfigure.webservices.client.MockWebServiceServerTestExecutionListener, org.springframework.boot.test.mock.mockito.MockitoTestExecutionListener, org.springframework.boot.test.mock.mockito.ResetMocksTestExecutionListener, org.springframework.test.context.web.ServletTestExecutionListener, org.springframework.test.context.support.DirtiesContextBeforeModesTestExecutionListener, org.springframework.test.context.support.DependencyInjectionTestExecutionListener, org.springframework.test.context.support.DirtiesContextTestExecutionListener, org.springframework.test.context.transaction.TransactionalTestExecutionListener, org.springframework.test.context.jdbc.SqlScriptsTestExecutionListener, org.springframework.test.context.event.EventPublishingTestExecutionListener]
2022-01-20 21:23:49.080  INFO 28000 --- [    Test worker] .b.t.c.SpringBootTestContextBootstrapper : Using TestExecutionListeners: [org.springframework.test.context.web.ServletTestExecutionListener@40a2752b, org.springframework.test.context.support.DirtiesContextBeforeModesTestExecutionListener@753f02ea, org.springframework.boot.test.mock.mockito.MockitoTestExecutionListener@6881f42e, org.springframework.boot.test.autoconfigure.SpringBootDependencyInjectionTestExecutionListener@20d93424, org.springframework.test.context.support.DirtiesContextTestExecutionListener@73811639, org.springframework.test.context.transaction.TransactionalTestExecutionListener@7e2462f1, org.springframework.test.context.jdbc.SqlScriptsTestExecutionListener@1963d99f, org.springframework.security.test.context.support.WithSecurityContextTestExecutionListener@70f2a683, org.springframework.test.context.event.EventPublishingTestExecutionListener@bb9467a, org.springframework.security.test.context.support.ReactorContextTestExecutionListener@56579e16, org.springframework.boot.test.autoconfigure.restdocs.RestDocsTestExecutionListener@517f0a62, org.springframework.boot.test.autoconfigure.web.client.MockRestServiceServerResetTestExecutionListener@345c7870, org.springframework.boot.test.autoconfigure.web.servlet.MockMvcPrintOnlyOnFailureTestExecutionListener@75177217, org.springframework.boot.test.autoconfigure.web.servlet.WebDriverTestExecutionListener@1fdaf58d, org.springframework.boot.test.autoconfigure.webservices.client.MockWebServiceServerTestExecutionListener@365fc00e, org.springframework.boot.test.mock.mockito.ResetMocksTestExecutionListener@6197b14d]
2022-01-20 21:23:49.112  INFO 28000 --- [    Test worker] o.a.c.c.C.[Tomcat].[localhost].[/]       : Initializing Spring TestDispatcherServlet ''
2022-01-20 21:23:49.112  INFO 28000 --- [    Test worker] o.s.t.web.servlet.TestDispatcherServlet  : Initializing Servlet ''
2022-01-20 21:23:49.113  INFO 28000 --- [    Test worker] o.s.t.web.servlet.TestDispatcherServlet  : Completed initialization in 1 ms
Hibernate: insert into posts (created_date, modeified_date, author, content, title) values (?, ?, ?, ?, ?)
Hibernate: select posts0_.id as id1_0_, posts0_.created_date as created_2_0_, posts0_.modeified_date as modeifie3_0_, posts0_.author as author4_0_, posts0_.content as content5_0_, posts0_.title as title6_0_ from posts posts0_
Hibernate: select posts0_.id as id1_0_, posts0_.created_date as created_2_0_, posts0_.modeified_date as modeifie3_0_, posts0_.author as author4_0_, posts0_.content as content5_0_, posts0_.title as title6_0_ from posts posts0_
Hibernate: delete from posts where id=?
2022-01-20 21:23:49.377  INFO 28000 --- [    Test worker] o.a.c.c.C.[Tomcat].[localhost].[/]       : Initializing Spring TestDispatcherServlet ''
2022-01-20 21:23:49.377  INFO 28000 --- [    Test worker] o.s.t.web.servlet.TestDispatcherServlet  : Initializing Servlet ''
2022-01-20 21:23:49.378  INFO 28000 --- [    Test worker] o.s.t.web.servlet.TestDispatcherServlet  : Completed initialization in 1 ms
Hibernate: insert into posts (created_date, modeified_date, author, content, title) values (?, ?, ?, ?, ?)
Hibernate: select posts0_.id as id1_0_0_, posts0_.created_date as created_2_0_0_, posts0_.modeified_date as modeifie3_0_0_, posts0_.author as author4_0_0_, posts0_.content as content5_0_0_, posts0_.title as title6_0_0_ from posts posts0_ where posts0_.id=?
Hibernate: update posts set created_date=?, modeified_date=?, author=?, content=?, title=? where id=?
Hibernate: select posts0_.id as id1_0_, posts0_.created_date as created_2_0_, posts0_.modeified_date as modeifie3_0_, posts0_.author as author4_0_, posts0_.content as content5_0_, posts0_.title as title6_0_ from posts posts0_
Hibernate: select posts0_.id as id1_0_, posts0_.created_date as created_2_0_, posts0_.modeified_date as modeifie3_0_, posts0_.author as author4_0_, posts0_.content as content5_0_, posts0_.title as title6_0_ from posts posts0_
Hibernate: delete from posts where id=?
]]></system-out>
  <system-err><![CDATA[]]></system-err>
</testsuite>
