<?xml version="1.0" encoding="UTF-8"?>
<testsuite name="com.jueun.springboot.web.domain.posts.PostRepositoryTest" tests="1" skipped="0" failures="0" errors="0" timestamp="2022-01-12T05:36:13" hostname="DESKTOP-QANKN4O" time="0.39">
  <properties/>
  <testcase name="BaseTimeEntity_등록" classname="com.jueun.springboot.web.domain.posts.PostRepositoryTest" time="0.39"/>
  <system-out><![CDATA[14:36:08.337 [Test worker] DEBUG org.springframework.test.context.junit4.SpringJUnit4ClassRunner - SpringJUnit4ClassRunner constructor called with [class com.jueun.springboot.web.domain.posts.PostRepositoryTest]
14:36:08.346 [Test worker] DEBUG org.springframework.test.context.BootstrapUtils - Instantiating CacheAwareContextLoaderDelegate from class [org.springframework.test.context.cache.DefaultCacheAwareContextLoaderDelegate]
14:36:08.355 [Test worker] DEBUG org.springframework.test.context.BootstrapUtils - Instantiating BootstrapContext using constructor [public org.springframework.test.context.support.DefaultBootstrapContext(java.lang.Class,org.springframework.test.context.CacheAwareContextLoaderDelegate)]
14:36:08.372 [Test worker] DEBUG org.springframework.test.context.BootstrapUtils - Instantiating TestContextBootstrapper for test class [com.jueun.springboot.web.domain.posts.PostRepositoryTest] from class [org.springframework.boot.test.context.SpringBootTestContextBootstrapper]
14:36:08.385 [Test worker] INFO org.springframework.boot.test.context.SpringBootTestContextBootstrapper - Neither @ContextConfiguration nor @ContextHierarchy found for test class [com.jueun.springboot.web.domain.posts.PostRepositoryTest], using SpringBootContextLoader
14:36:08.388 [Test worker] DEBUG org.springframework.test.context.support.AbstractContextLoader - Did not detect default resource location for test class [com.jueun.springboot.web.domain.posts.PostRepositoryTest]: class path resource [com/jueun/springboot/web/domain/posts/PostRepositoryTest-context.xml] does not exist
14:36:08.389 [Test worker] DEBUG org.springframework.test.context.support.AbstractContextLoader - Did not detect default resource location for test class [com.jueun.springboot.web.domain.posts.PostRepositoryTest]: class path resource [com/jueun/springboot/web/domain/posts/PostRepositoryTestContext.groovy] does not exist
14:36:08.389 [Test worker] INFO org.springframework.test.context.support.AbstractContextLoader - Could not detect default resource locations for test class [com.jueun.springboot.web.domain.posts.PostRepositoryTest]: no resource found for suffixes {-context.xml, Context.groovy}.
14:36:08.389 [Test worker] INFO org.springframework.test.context.support.AnnotationConfigContextLoaderUtils - Could not detect default configuration classes for test class [com.jueun.springboot.web.domain.posts.PostRepositoryTest]: PostRepositoryTest does not declare any static, non-private, non-final, nested classes annotated with @Configuration.
14:36:08.429 [Test worker] DEBUG org.springframework.test.context.support.ActiveProfilesUtils - Could not find an 'annotation declaring class' for annotation type [org.springframework.test.context.ActiveProfiles] and class [com.jueun.springboot.web.domain.posts.PostRepositoryTest]
14:36:08.521 [Test worker] DEBUG org.springframework.context.annotation.ClassPathScanningCandidateComponentProvider - Identified candidate component class: file [C:\Users\Jueun\IdeaProjects\springboot2-webservice\build\classes\java\main\com\jueun\springboot\Application.class]
14:36:08.522 [Test worker] INFO org.springframework.boot.test.context.SpringBootTestContextBootstrapper - Found @SpringBootConfiguration com.jueun.springboot.Application for test class com.jueun.springboot.web.domain.posts.PostRepositoryTest
14:36:08.617 [Test worker] DEBUG org.springframework.boot.test.context.SpringBootTestContextBootstrapper - @TestExecutionListeners is not present for class [com.jueun.springboot.web.domain.posts.PostRepositoryTest]: using defaults.
14:36:08.618 [Test worker] INFO org.springframework.boot.test.context.SpringBootTestContextBootstrapper - Loaded default TestExecutionListener class names from location [META-INF/spring.factories]: [org.springframework.boot.test.autoconfigure.restdocs.RestDocsTestExecutionListener, org.springframework.boot.test.autoconfigure.web.client.MockRestServiceServerResetTestExecutionListener, org.springframework.boot.test.autoconfigure.web.servlet.MockMvcPrintOnlyOnFailureTestExecutionListener, org.springframework.boot.test.autoconfigure.web.servlet.WebDriverTestExecutionListener, org.springframework.boot.test.mock.mockito.MockitoTestExecutionListener, org.springframework.boot.test.mock.mockito.ResetMocksTestExecutionListener, org.springframework.test.context.web.ServletTestExecutionListener, org.springframework.test.context.support.DirtiesContextBeforeModesTestExecutionListener, org.springframework.test.context.support.DependencyInjectionTestExecutionListener, org.springframework.test.context.support.DirtiesContextTestExecutionListener, org.springframework.test.context.transaction.TransactionalTestExecutionListener, org.springframework.test.context.jdbc.SqlScriptsTestExecutionListener]
14:36:08.637 [Test worker] INFO org.springframework.boot.test.context.SpringBootTestContextBootstrapper - Using TestExecutionListeners: [org.springframework.test.context.web.ServletTestExecutionListener@18f344a7, org.springframework.test.context.support.DirtiesContextBeforeModesTestExecutionListener@f1403fb, org.springframework.boot.test.mock.mockito.MockitoTestExecutionListener@4e736bbe, org.springframework.boot.test.autoconfigure.SpringBootDependencyInjectionTestExecutionListener@71a9d07d, org.springframework.test.context.support.DirtiesContextTestExecutionListener@737d6493, org.springframework.test.context.transaction.TransactionalTestExecutionListener@5cd9aadc, org.springframework.test.context.jdbc.SqlScriptsTestExecutionListener@9a21462, org.springframework.boot.test.autoconfigure.restdocs.RestDocsTestExecutionListener@36370713, org.springframework.boot.test.autoconfigure.web.client.MockRestServiceServerResetTestExecutionListener@2e76b4ba, org.springframework.boot.test.autoconfigure.web.servlet.MockMvcPrintOnlyOnFailureTestExecutionListener@3f6864e2, org.springframework.boot.test.autoconfigure.web.servlet.WebDriverTestExecutionListener@26706669, org.springframework.boot.test.mock.mockito.ResetMocksTestExecutionListener@2871f22b]
14:36:08.640 [Test worker] DEBUG org.springframework.test.annotation.ProfileValueUtils - Retrieved @ProfileValueSourceConfiguration [null] for test class [com.jueun.springboot.web.domain.posts.PostRepositoryTest]
14:36:08.640 [Test worker] DEBUG org.springframework.test.annotation.ProfileValueUtils - Retrieved ProfileValueSource type [class org.springframework.test.annotation.SystemProfileValueSource] for class [com.jueun.springboot.web.domain.posts.PostRepositoryTest]
14:36:08.644 [Test worker] DEBUG org.springframework.test.annotation.ProfileValueUtils - Retrieved @ProfileValueSourceConfiguration [null] for test class [com.jueun.springboot.web.domain.posts.PostRepositoryTest]
14:36:08.644 [Test worker] DEBUG org.springframework.test.annotation.ProfileValueUtils - Retrieved ProfileValueSource type [class org.springframework.test.annotation.SystemProfileValueSource] for class [com.jueun.springboot.web.domain.posts.PostRepositoryTest]
14:36:08.645 [Test worker] DEBUG org.springframework.test.annotation.ProfileValueUtils - Retrieved @ProfileValueSourceConfiguration [null] for test class [com.jueun.springboot.web.domain.posts.PostRepositoryTest]
14:36:08.645 [Test worker] DEBUG org.springframework.test.annotation.ProfileValueUtils - Retrieved ProfileValueSource type [class org.springframework.test.annotation.SystemProfileValueSource] for class [com.jueun.springboot.web.domain.posts.PostRepositoryTest]
14:36:08.649 [Test worker] DEBUG org.springframework.test.context.support.AbstractDirtiesContextTestExecutionListener - Before test class: context [DefaultTestContext@9012652 testClass = PostRepositoryTest, testInstance = [null], testMethod = [null], testException = [null], mergedContextConfiguration = [WebMergedContextConfiguration@d923bd1 testClass = PostRepositoryTest, locations = '{}', classes = '{class com.jueun.springboot.Application}', contextInitializerClasses = '[]', activeProfiles = '{}', propertySourceLocations = '{}', propertySourceProperties = '{org.springframework.boot.test.context.SpringBootTestContextBootstrapper=true}', contextCustomizers = set[org.springframework.boot.test.autoconfigure.properties.PropertyMappingContextCustomizer@0, org.springframework.boot.test.autoconfigure.web.servlet.WebDriverContextCustomizerFactory$Customizer@2d9c5956, org.springframework.boot.test.context.filter.ExcludeFilterContextCustomizer@58c9fb01, org.springframework.boot.test.json.DuplicateJsonObjectContextCustomizerFactory$DuplicateJsonObjectContextCustomizer@7d2e859b, org.springframework.boot.test.mock.mockito.MockitoContextCustomizer@0, org.springframework.boot.test.web.client.TestRestTemplateContextCustomizer@793b0ba1], resourceBasePath = 'src/main/webapp', contextLoader = 'org.springframework.boot.test.context.SpringBootContextLoader', parent = [null]], attributes = map['org.springframework.test.context.web.ServletTestExecutionListener.activateListener' -> true]], class annotated with @DirtiesContext [false] with mode [null].
14:36:08.650 [Test worker] DEBUG org.springframework.test.annotation.ProfileValueUtils - Retrieved @ProfileValueSourceConfiguration [null] for test class [com.jueun.springboot.web.domain.posts.PostRepositoryTest]
14:36:08.650 [Test worker] DEBUG org.springframework.test.annotation.ProfileValueUtils - Retrieved ProfileValueSource type [class org.springframework.test.annotation.SystemProfileValueSource] for class [com.jueun.springboot.web.domain.posts.PostRepositoryTest]
14:36:08.676 [Test worker] DEBUG org.springframework.test.context.support.TestPropertySourceUtils - Adding inlined properties to environment: {spring.jmx.enabled=false, org.springframework.boot.test.context.SpringBootTestContextBootstrapper=true, server.port=-1}

  .   ____          _            __ _ _
 /\\ / ___'_ __ _ _(_)_ __  __ _ \ \ \ \
( ( )\___ | '_ | '_| | '_ \/ _` | \ \ \ \
 \\/  ___)| |_)| | | | | || (_| |  ) ) ) )
  '  |____| .__|_| |_|_| |_\__, | / / / /
 =========|_|==============|___/=/_/_/_/
 :: Spring Boot ::        (v2.1.7.RELEASE)

2022-01-12 14:36:08.925  INFO 15696 --- [    Test worker] c.j.s.w.domain.posts.PostRepositoryTest  : Starting PostRepositoryTest on DESKTOP-QANKN4O with PID 15696 (started by Jueun in C:\Users\Jueun\IdeaProjects\springboot2-webservice)
2022-01-12 14:36:08.926  INFO 15696 --- [    Test worker] c.j.s.w.domain.posts.PostRepositoryTest  : The following profiles are active: real-oauth
2022-01-12 14:36:09.564  INFO 15696 --- [    Test worker] .s.d.r.c.RepositoryConfigurationDelegate : Bootstrapping Spring Data repositories in DEFAULT mode.
2022-01-12 14:36:09.634  INFO 15696 --- [    Test worker] .s.d.r.c.RepositoryConfigurationDelegate : Finished Spring Data repository scanning in 61ms. Found 1 repository interfaces.
2022-01-12 14:36:10.009  INFO 15696 --- [    Test worker] trationDelegate$BeanPostProcessorChecker : Bean 'org.springframework.transaction.annotation.ProxyTransactionManagementConfiguration' of type [org.springframework.transaction.annotation.ProxyTransactionManagementConfiguration$$EnhancerBySpringCGLIB$$e22a7d03] is not eligible for getting processed by all BeanPostProcessors (for example: not eligible for auto-proxying)
2022-01-12 14:36:10.236  INFO 15696 --- [    Test worker] com.zaxxer.hikari.HikariDataSource       : HikariPool-1 - Starting...
2022-01-12 14:36:10.390  INFO 15696 --- [    Test worker] com.zaxxer.hikari.HikariDataSource       : HikariPool-1 - Start completed.
2022-01-12 14:36:10.471  INFO 15696 --- [    Test worker] o.hibernate.jpa.internal.util.LogHelper  : HHH000204: Processing PersistenceUnitInfo [
	name: default
	...]
2022-01-12 14:36:10.543  INFO 15696 --- [    Test worker] org.hibernate.Version                    : HHH000412: Hibernate Core {5.3.10.Final}
2022-01-12 14:36:10.544  INFO 15696 --- [    Test worker] org.hibernate.cfg.Environment            : HHH000206: hibernate.properties not found
2022-01-12 14:36:10.701  INFO 15696 --- [    Test worker] o.hibernate.annotations.common.Version   : HCANN000001: Hibernate Commons Annotations {5.0.4.Final}
2022-01-12 14:36:10.870  INFO 15696 --- [    Test worker] org.hibernate.dialect.Dialect            : HHH000400: Using dialect: org.hibernate.dialect.MySQL5InnoDBDialect
Hibernate: drop table if exists posts
Hibernate: create table posts (id bigint not null auto_increment, created_date datetime, modeified_date datetime, author varchar(255), content TEXT not null, title varchar(500) not null, primary key (id)) engine=InnoDB
2022-01-12 14:36:11.530  INFO 15696 --- [    Test worker] o.h.t.schema.internal.SchemaCreatorImpl  : HHH000476: Executing import script 'org.hibernate.tool.schema.internal.exec.ScriptSourceInputNonExistentImpl@25b8211'
2022-01-12 14:36:11.534  INFO 15696 --- [    Test worker] j.LocalContainerEntityManagerFactoryBean : Initialized JPA EntityManagerFactory for persistence unit 'default'
2022-01-12 14:36:12.492  INFO 15696 --- [    Test worker] o.s.s.concurrent.ThreadPoolTaskExecutor  : Initializing ExecutorService 'applicationTaskExecutor'
2022-01-12 14:36:12.552  WARN 15696 --- [    Test worker] aWebConfiguration$JpaWebMvcConfiguration : spring.jpa.open-in-view is enabled by default. Therefore, database queries may be performed during view rendering. Explicitly configure spring.jpa.open-in-view to disable this warning
2022-01-12 14:36:12.600  INFO 15696 --- [    Test worker] o.s.b.a.w.s.WelcomePageHandlerMapping    : Adding welcome page template: index
2022-01-12 14:36:13.112  INFO 15696 --- [    Test worker] c.j.s.w.domain.posts.PostRepositoryTest  : Started PostRepositoryTest in 4.426 seconds (JVM running for 5.785)
Hibernate: insert into posts (created_date, modeified_date, author, content, title) values (?, ?, ?, ?, ?)
2022-01-12 14:36:13.342  INFO 15696 --- [    Test worker] o.h.h.i.QueryTranslatorFactoryInitiator  : HHH000397: Using ASTQueryTranslatorFactory
Hibernate: select posts0_.id as id1_0_, posts0_.created_date as created_2_0_, posts0_.modeified_date as modeifie3_0_, posts0_.author as author4_0_, posts0_.content as content5_0_, posts0_.title as title6_0_ from posts posts0_
>>>>>>>> createDate=2022-01-12T14:36:13.246, modifiedDate=2022-01-12T14:36:13.246
Hibernate: select posts0_.id as id1_0_, posts0_.created_date as created_2_0_, posts0_.modeified_date as modeifie3_0_, posts0_.author as author4_0_, posts0_.content as content5_0_, posts0_.title as title6_0_ from posts posts0_
Hibernate: delete from posts where id=?
]]></system-out>
  <system-err><![CDATA[]]></system-err>
</testsuite>
